 
****************************************
Report : area
Design : vending_top
Version: X-2025.06-SP2
Date   : Fri Jul 10 00:14:00 2026
****************************************

Information: Updating design information... (UID-85)
Library(s) Used:

    saed32rvt_tt1p05v25c (File: /Tools/PDK/SAED32/EDK_Digital/lib/stdcell_rvt/db_nldm/saed32rvt_tt1p05v25c.db)

Number of ports:                          131
Number of nets:                           349
Number of cells:                          237
Number of combinational cells:            188
Number of sequential cells:                39
Number of macros/black boxes:               0
Number of buf/inv:                         45
Number of references:                      10

Combinational area:                432.807233
Buf/Inv area:                       57.436544
Noncombinational area:             257.702024
Macro/Black Box area:                0.000000
Net Interconnect area:             120.523021

Total cell area:                   690.509258
Total area:                        811.032279

Hierarchical area distribution
------------------------------

                                  Global cell area          Local cell area
                                  ------------------  --------------------------- 
Hierarchical cell                 Absolute   Percent  Combi-    Noncombi-  Black-
                                  Total      Total    national  national   boxes   Design
--------------------------------  ---------  -------  --------  ---------  ------  -------------------
vending_top                        690.5093    100.0   28.2100    52.8620  0.0000  vending_top
comp_inst                           39.3923      5.7   39.3923     0.0000  0.0000  comparador
credit_inst                        147.4035     21.3   94.5416    52.8620  0.0000  registrador_credito
fsm_inst                            59.9780      8.7   40.1548    19.8232  0.0000  unidade_controle
mem_inst                           307.7684     44.6  175.6135   132.1549  0.0000  memoria
sub_inst                            54.8951      7.9   54.8951     0.0000  0.0000  subtrator
--------------------------------  ---------  -------  --------  ---------  ------  -------------------
Total                                                 432.8072   257.7020  0.0000

1
